<?xml version="1.0" encoding="UTF-8"?>
<testng-results ignored="0" total="4" passed="4" failed="0" skipped="0">
  <reporter-output>
  </reporter-output>
  <suite started-at="2021-12-07T13:06:58Z" name="Garreth Dean" finished-at="2021-12-07T13:07:01Z" duration-ms="3153">
    <groups>
    </groups>
    <test started-at="2021-12-07T13:06:58Z" name="Smoke Pack" finished-at="2021-12-07T13:07:01Z" duration-ms="3153">
      <class name="Epic.Scenario">
        <test-method is-config="true" signature="Setup()[pri:0, instance:Epic.Scenario@35cabb2a]" started-at="2021-12-07T15:06:58Z" name="Setup" finished-at="2021-12-07T15:07:00Z" duration-ms="2219" status="PASS">
          <reporter-output>
          </reporter-output>
        </test-method> <!-- Setup -->
        <test-method signature="ExcelReaderExample()[pri:0, instance:Epic.Scenario@35cabb2a]" started-at="2021-12-07T15:07:00Z" name="ExcelReaderExample" finished-at="2021-12-07T15:07:00Z" duration-ms="348" status="PASS">
          <reporter-output>
          </reporter-output>
        </test-method> <!-- ExcelReaderExample -->
        <test-method signature="ExtentReportExample(java.lang.reflect.Method)[pri:0, instance:Epic.Scenario@35cabb2a]" started-at="2021-12-07T15:07:00Z" name="ExtentReportExample" finished-at="2021-12-07T15:07:00Z" duration-ms="7" status="PASS">
          <params>
            <param index="0">
              <value>
                <![CDATA[public void Epic.Scenario.ExtentReportExample(java.lang.reflect.Method)]]>
              </value>
            </param>
          </params>
          <reporter-output>
          </reporter-output>
        </test-method> <!-- ExtentReportExample -->
        <test-method signature="PropReaderExample()[pri:0, instance:Epic.Scenario@35cabb2a]" started-at="2021-12-07T15:07:00Z" name="PropReaderExample" finished-at="2021-12-07T15:07:00Z" duration-ms="0" status="PASS">
          <reporter-output>
          </reporter-output>
        </test-method> <!-- PropReaderExample -->
        <test-method signature="SeleniumActionExample()[pri:0, instance:Epic.Scenario@35cabb2a]" started-at="2021-12-07T15:07:00Z" name="SeleniumActionExample" finished-at="2021-12-07T15:07:01Z" duration-ms="291" status="PASS">
          <reporter-output>
          </reporter-output>
        </test-method> <!-- SeleniumActionExample -->
        <test-method is-config="true" signature="KillDriver()[pri:0, instance:Epic.Scenario@35cabb2a]" started-at="2021-12-07T15:07:01Z" name="KillDriver" finished-at="2021-12-07T15:07:01Z" duration-ms="273" status="PASS">
          <reporter-output>
          </reporter-output>
        </test-method> <!-- KillDriver -->
      </class> <!-- Epic.Scenario -->
    </test> <!-- Smoke Pack -->
  </suite> <!-- Garreth Dean -->
</testng-results>
