<?xml version="1.0" encoding="UTF-8"?>
<testsuite xmlns:xsi="http://www.w3.org/2001/XMLSchema-instance" xsi:noNamespaceSchemaLocation="https://maven.apache.org/surefire/maven-surefire-plugin/xsd/surefire-test-report.xsd" name="TestSuite" time="3.488" tests="4" errors="0" skipped="0" failures="0">
  <properties>
[...]
</properties>
  <testcase name="ExcelReaderExample" classname="Epic.Scenario" time="0.352"/>
  <testcase name="ExtentReportExample" classname="Epic.Scenario" time="0.007"/>
  <testcase name="PropReaderExample" classname="Epic.Scenario" time="0"/>
  <testcase name="SeleniumActionExample" classname="Epic.Scenario" time="0.291"/>
</testsuite>