<?xml version="1.0" encoding="UTF-8"?>
<!-- Generated by org.testng.reporters.JUnitXMLReporter -->
<testsuite ignored="0" hostname="DESKTOP-DIQUMBR" failures="0" tests="4" name="Smoke Pack" time="3.153" errors="0" timestamp="07 Dec 2021 13:07:01 GMT">
  <testcase classname="Epic.Scenario" name="ExcelReaderExample" time="0.348"/>
  <testcase classname="Epic.Scenario" name="ExtentReportExample" time="0.007"/>
  <testcase classname="Epic.Scenario" name="PropReaderExample" time="0.0"/>
  <testcase classname="Epic.Scenario" name="SeleniumActionExample" time="0.291"/>
</testsuite> <!-- Smoke Pack -->
